<?xml version="1.0" encoding="UTF-8"?>
<testsuite xmlns:xsi="http://www.w3.org/2001/XMLSchema-instance" xsi:noNamespaceSchemaLocation="https://maven.apache.org/surefire/maven-surefire-plugin/xsd/surefire-test-report-3.0.xsd" version="3.0" name="org.crypto.jpir.TestPIR" time="0.469" tests="1" errors="0" skipped="0" failures="0">
  <properties>
    <property name="java.specification.version" value="21"/>
    <property name="sun.cpu.isalist" value="amd64"/>
    <property name="sun.jnu.encoding" value="Cp1255"/>
    <property name="java.class.path" value="C:\Users\97250\jpir_new\target\test-classes;C:\Users\97250\jpir_new\target\classes;C:\Users\97250\.m2\repository\junit\junit\3.8.1\junit-3.8.1.jar;C:\Users\97250\.m2\repository\org\bouncycastle\bcprov-jdk15on\1.54\bcprov-jdk15on-1.54.jar;C:\Users\97250\.m2\repository\com\sparkjava\spark-core\2.3\spark-core-2.3.jar;C:\Users\97250\.m2\repository\org\slf4j\slf4j-api\1.7.12\slf4j-api-1.7.12.jar;C:\Users\97250\.m2\repository\org\slf4j\slf4j-simple\1.7.12\slf4j-simple-1.7.12.jar;C:\Users\97250\.m2\repository\org\eclipse\jetty\jetty-server\9.3.2.v20150730\jetty-server-9.3.2.v20150730.jar;C:\Users\97250\.m2\repository\javax\servlet\javax.servlet-api\3.1.0\javax.servlet-api-3.1.0.jar;C:\Users\97250\.m2\repository\org\eclipse\jetty\jetty-http\9.3.2.v20150730\jetty-http-9.3.2.v20150730.jar;C:\Users\97250\.m2\repository\org\eclipse\jetty\jetty-util\9.3.2.v20150730\jetty-util-9.3.2.v20150730.jar;C:\Users\97250\.m2\repository\org\eclipse\jetty\jetty-io\9.3.2.v20150730\jetty-io-9.3.2.v20150730.jar;C:\Users\97250\.m2\repository\org\eclipse\jetty\jetty-webapp\9.3.2.v20150730\jetty-webapp-9.3.2.v20150730.jar;C:\Users\97250\.m2\repository\org\eclipse\jetty\jetty-xml\9.3.2.v20150730\jetty-xml-9.3.2.v20150730.jar;C:\Users\97250\.m2\repository\org\eclipse\jetty\jetty-servlet\9.3.2.v20150730\jetty-servlet-9.3.2.v20150730.jar;C:\Users\97250\.m2\repository\org\eclipse\jetty\jetty-security\9.3.2.v20150730\jetty-security-9.3.2.v20150730.jar;C:\Users\97250\.m2\repository\org\eclipse\jetty\websocket\websocket-server\9.3.2.v20150730\websocket-server-9.3.2.v20150730.jar;C:\Users\97250\.m2\repository\org\eclipse\jetty\websocket\websocket-common\9.3.2.v20150730\websocket-common-9.3.2.v20150730.jar;C:\Users\97250\.m2\repository\org\eclipse\jetty\websocket\websocket-client\9.3.2.v20150730\websocket-client-9.3.2.v20150730.jar;C:\Users\97250\.m2\repository\org\eclipse\jetty\websocket\websocket-servlet\9.3.2.v20150730\websocket-servlet-9.3.2.v20150730.jar;C:\Users\97250\.m2\repository\org\eclipse\jetty\websocket\websocket-api\9.3.2.v20150730\websocket-api-9.3.2.v20150730.jar;C:\Users\97250\.m2\repository\com\mashape\unirest\unirest-java\1.4.7\unirest-java-1.4.7.jar;C:\Users\97250\.m2\repository\org\apache\httpcomponents\httpclient\4.3.6\httpclient-4.3.6.jar;C:\Users\97250\.m2\repository\org\apache\httpcomponents\httpcore\4.3.3\httpcore-4.3.3.jar;C:\Users\97250\.m2\repository\commons-logging\commons-logging\1.1.3\commons-logging-1.1.3.jar;C:\Users\97250\.m2\repository\commons-codec\commons-codec\1.6\commons-codec-1.6.jar;C:\Users\97250\.m2\repository\org\apache\httpcomponents\httpasyncclient\4.0.2\httpasyncclient-4.0.2.jar;C:\Users\97250\.m2\repository\org\apache\httpcomponents\httpcore-nio\4.3.2\httpcore-nio-4.3.2.jar;C:\Users\97250\.m2\repository\org\apache\httpcomponents\httpmime\4.3.6\httpmime-4.3.6.jar;C:\Users\97250\.m2\repository\org\json\json\20140107\json-20140107.jar;C:\Users\97250\.m2\repository\com\google\code\gson\gson\2.2.4\gson-2.2.4.jar;C:\Users\97250\.m2\repository\org\apache\tika\tika-parsers\1.13\tika-parsers-1.13.jar;C:\Users\97250\.m2\repository\org\apache\tika\tika-core\1.13\tika-core-1.13.jar;C:\Users\97250\.m2\repository\org\gagravarr\vorbis-java-tika\0.8\vorbis-java-tika-0.8.jar;C:\Users\97250\.m2\repository\com\healthmarketscience\jackcess\jackcess\2.1.3\jackcess-2.1.3.jar;C:\Users\97250\.m2\repository\commons-lang\commons-lang\2.6\commons-lang-2.6.jar;C:\Users\97250\.m2\repository\com\healthmarketscience\jackcess\jackcess-encrypt\2.1.1\jackcess-encrypt-2.1.1.jar;C:\Users\97250\.m2\repository\net\sourceforge\jmatio\jmatio\1.0\jmatio-1.0.jar;C:\Users\97250\.m2\repository\org\apache\james\apache-mime4j-core\0.7.2\apache-mime4j-core-0.7.2.jar;C:\Users\97250\.m2\repository\org\apache\james\apache-mime4j-dom\0.7.2\apache-mime4j-dom-0.7.2.jar;C:\Users\97250\.m2\repository\org\apache\commons\commons-compress\1.11\commons-compress-1.11.jar;C:\Users\97250\.m2\repository\org\tukaani\xz\1.5\xz-1.5.jar;C:\Users\97250\.m2\repository\org\apache\pdfbox\pdfbox\2.0.1\pdfbox-2.0.1.jar;C:\Users\97250\.m2\repository\org\apache\pdfbox\fontbox\2.0.1\fontbox-2.0.1.jar;C:\Users\97250\.m2\repository\org\apache\pdfbox\pdfbox-tools\2.0.1\pdfbox-tools-2.0.1.jar;C:\Users\97250\.m2\repository\org\apache\pdfbox\pdfbox-debugger\2.0.1\pdfbox-debugger-2.0.1.jar;C:\Users\97250\.m2\repository\org\apache\pdfbox\jempbox\1.8.12\jempbox-1.8.12.jar;C:\Users\97250\.m2\repository\org\bouncycastle\bcmail-jdk15on\1.54\bcmail-jdk15on-1.54.jar;C:\Users\97250\.m2\repository\org\bouncycastle\bcpkix-jdk15on\1.54\bcpkix-jdk15on-1.54.jar;C:\Users\97250\.m2\repository\org\apache\poi\poi\3.15-beta1\poi-3.15-beta1.jar;C:\Users\97250\.m2\repository\org\apache\poi\poi-scratchpad\3.15-beta1\poi-scratchpad-3.15-beta1.jar;C:\Users\97250\.m2\repository\org\apache\poi\poi-ooxml\3.15-beta1\poi-ooxml-3.15-beta1.jar;C:\Users\97250\.m2\repository\org\apache\poi\poi-ooxml-schemas\3.15-beta1\poi-ooxml-schemas-3.15-beta1.jar;C:\Users\97250\.m2\repository\org\apache\xmlbeans\xmlbeans\2.6.0\xmlbeans-2.6.0.jar;C:\Users\97250\.m2\repository\com\github\virtuald\curvesapi\1.03\curvesapi-1.03.jar;C:\Users\97250\.m2\repository\org\ccil\cowan\tagsoup\tagsoup\1.2.1\tagsoup-1.2.1.jar;C:\Users\97250\.m2\repository\org\ow2\asm\asm\5.0.4\asm-5.0.4.jar;C:\Users\97250\.m2\repository\com\googlecode\mp4parser\isoparser\1.1.18\isoparser-1.1.18.jar;C:\Users\97250\.m2\repository\com\drewnoakes\metadata-extractor\2.8.1\metadata-extractor-2.8.1.jar;C:\Users\97250\.m2\repository\com\adobe\xmp\xmpcore\5.1.2\xmpcore-5.1.2.jar;C:\Users\97250\.m2\repository\de\l3s\boilerpipe\boilerpipe\1.1.0\boilerpipe-1.1.0.jar;C:\Users\97250\.m2\repository\com\rometools\rome\1.5.1\rome-1.5.1.jar;C:\Users\97250\.m2\repository\com\rometools\rome-utils\1.5.1\rome-utils-1.5.1.jar;C:\Users\97250\.m2\repository\org\gagravarr\vorbis-java-core\0.8\vorbis-java-core-0.8.jar;C:\Users\97250\.m2\repository\com\googlecode\juniversalchardet\juniversalchardet\1.0.3\juniversalchardet-1.0.3.jar;C:\Users\97250\.m2\repository\org\codelibs\jhighlight\1.0.2\jhighlight-1.0.2.jar;C:\Users\97250\.m2\repository\com\pff\java-libpst\0.8.1\java-libpst-0.8.1.jar;C:\Users\97250\.m2\repository\com\github\junrar\junrar\0.7\junrar-0.7.jar;C:\Users\97250\.m2\repository\commons-logging\commons-logging-api\1.1\commons-logging-api-1.1.jar;C:\Users\97250\.m2\repository\org\apache\commons\commons-vfs2\2.0\commons-vfs2-2.0.jar;C:\Users\97250\.m2\repository\org\apache\maven\scm\maven-scm-api\1.4\maven-scm-api-1.4.jar;C:\Users\97250\.m2\repository\org\codehaus\plexus\plexus-utils\1.5.6\plexus-utils-1.5.6.jar;C:\Users\97250\.m2\repository\org\apache\maven\scm\maven-scm-provider-svnexe\1.4\maven-scm-provider-svnexe-1.4.jar;C:\Users\97250\.m2\repository\org\apache\maven\scm\maven-scm-provider-svn-commons\1.4\maven-scm-provider-svn-commons-1.4.jar;C:\Users\97250\.m2\repository\regexp\regexp\1.3\regexp-1.3.jar;C:\Users\97250\.m2\repository\org\apache\cxf\cxf-rt-rs-client\3.0.3\cxf-rt-rs-client-3.0.3.jar;C:\Users\97250\.m2\repository\org\apache\cxf\cxf-rt-transports-http\3.0.3\cxf-rt-transports-http-3.0.3.jar;C:\Users\97250\.m2\repository\org\apache\cxf\cxf-core\3.0.3\cxf-core-3.0.3.jar;C:\Users\97250\.m2\repository\org\codehaus\woodstox\woodstox-core-asl\4.4.1\woodstox-core-asl-4.4.1.jar;C:\Users\97250\.m2\repository\org\codehaus\woodstox\stax2-api\3.1.4\stax2-api-3.1.4.jar;C:\Users\97250\.m2\repository\org\apache\ws\xmlschema\xmlschema-core\2.1.0\xmlschema-core-2.1.0.jar;C:\Users\97250\.m2\repository\org\apache\cxf\cxf-rt-frontend-jaxrs\3.0.3\cxf-rt-frontend-jaxrs-3.0.3.jar;C:\Users\97250\.m2\repository\javax\ws\rs\javax.ws.rs-api\2.0.1\javax.ws.rs-api-2.0.1.jar;C:\Users\97250\.m2\repository\javax\annotation\javax.annotation-api\1.2\javax.annotation-api-1.2.jar;C:\Users\97250\.m2\repository\org\apache\opennlp\opennlp-tools\1.5.3\opennlp-tools-1.5.3.jar;C:\Users\97250\.m2\repository\org\apache\opennlp\opennlp-maxent\3.0.3\opennlp-maxent-3.0.3.jar;C:\Users\97250\.m2\repository\net\sf\jwordnet\jwnl\1.3.3\jwnl-1.3.3.jar;C:\Users\97250\.m2\repository\commons-io\commons-io\2.4\commons-io-2.4.jar;C:\Users\97250\.m2\repository\org\apache\commons\commons-exec\1.3\commons-exec-1.3.jar;C:\Users\97250\.m2\repository\com\googlecode\json-simple\json-simple\1.1.1\json-simple-1.1.1.jar;C:\Users\97250\.m2\repository\edu\ucar\netcdf4\4.5.5\netcdf4-4.5.5.jar;C:\Users\97250\.m2\repository\net\jcip\jcip-annotations\1.0\jcip-annotations-1.0.jar;C:\Users\97250\.m2\repository\net\java\dev\jna\jna\4.1.0\jna-4.1.0.jar;C:\Users\97250\.m2\repository\edu\ucar\grib\4.5.5\grib-4.5.5.jar;C:\Users\97250\.m2\repository\org\jdom\jdom2\2.0.4\jdom2-2.0.4.jar;C:\Users\97250\.m2\repository\org\jsoup\jsoup\1.7.2\jsoup-1.7.2.jar;C:\Users\97250\.m2\repository\edu\ucar\jj2000\5.2\jj2000-5.2.jar;C:\Users\97250\.m2\repository\org\itadaki\bzip2\0.9.1\bzip2-0.9.1.jar;C:\Users\97250\.m2\repository\edu\ucar\cdm\4.5.5\cdm-4.5.5.jar;C:\Users\97250\.m2\repository\edu\ucar\udunits\4.5.5\udunits-4.5.5.jar;C:\Users\97250\.m2\repository\joda-time\joda-time\2.2\joda-time-2.2.jar;C:\Users\97250\.m2\repository\org\quartz-scheduler\quartz\2.2.0\quartz-2.2.0.jar;C:\Users\97250\.m2\repository\c3p0\c3p0\0.9.1.1\c3p0-0.9.1.1.jar;C:\Users\97250\.m2\repository\net\sf\ehcache\ehcache-core\2.6.2\ehcache-core-2.6.2.jar;C:\Users\97250\.m2\repository\com\google\guava\guava\17.0\guava-17.0.jar;C:\Users\97250\.m2\repository\com\beust\jcommander\1.35\jcommander-1.35.jar;C:\Users\97250\.m2\repository\edu\ucar\httpservices\4.5.5\httpservices-4.5.5.jar;C:\Users\97250\.m2\repository\org\apache\commons\commons-csv\1.0\commons-csv-1.0.jar;C:\Users\97250\.m2\repository\org\apache\sis\core\sis-utility\0.6\sis-utility-0.6.jar;C:\Users\97250\.m2\repository\org\apache\sis\storage\sis-netcdf\0.6\sis-netcdf-0.6.jar;C:\Users\97250\.m2\repository\org\apache\sis\storage\sis-storage\0.6\sis-storage-0.6.jar;C:\Users\97250\.m2\repository\org\apache\sis\core\sis-referencing\0.6\sis-referencing-0.6.jar;C:\Users\97250\.m2\repository\org\apache\sis\core\sis-metadata\0.6\sis-metadata-0.6.jar;C:\Users\97250\.m2\repository\org\opengis\geoapi\3.0.0\geoapi-3.0.0.jar;C:\Users\97250\.m2\repository\javax\measure\jsr-275\0.9.3\jsr-275-0.9.3.jar;C:\Users\97250\.m2\repository\com\fasterxml\jackson\core\jackson-core\2.7.1\jackson-core-2.7.1.jar;C:\Users\97250\.m2\repository\com\mysql\mysql-connector-j\8.0.33\mysql-connector-j-8.0.33.jar;C:\Users\97250\.m2\repository\com\google\protobuf\protobuf-java\3.21.9\protobuf-java-3.21.9.jar;"/>
    <property name="java.vm.vendor" value="Oracle Corporation"/>
    <property name="sun.arch.data.model" value="64"/>
    <property name="user.variant" value=""/>
    <property name="java.vendor.url" value="https://java.oracle.com/"/>
    <property name="user.timezone" value="Asia/Jerusalem"/>
    <property name="os.name" value="Windows 11"/>
    <property name="java.vm.specification.version" value="21"/>
    <property name="sun.java.launcher" value="SUN_STANDARD"/>
    <property name="user.country" value="US"/>
    <property name="sun.boot.library.path" value="C:\Program Files\Java\jdk-21\bin"/>
    <property name="sun.java.command" value="C:\Users\97250\AppData\Local\Temp\surefire8495170395532071291\surefirebooter-20240429203947279_3.jar C:\Users\97250\AppData\Local\Temp\surefire8495170395532071291 2024-04-29T20-39-47_102-jvmRun1 surefire-20240429203947279_1tmp surefire_0-20240429203947279_2tmp"/>
    <property name="jdk.debug" value="release"/>
    <property name="surefire.test.class.path" value="C:\Users\97250\jpir_new\target\test-classes;C:\Users\97250\jpir_new\target\classes;C:\Users\97250\.m2\repository\junit\junit\3.8.1\junit-3.8.1.jar;C:\Users\97250\.m2\repository\org\bouncycastle\bcprov-jdk15on\1.54\bcprov-jdk15on-1.54.jar;C:\Users\97250\.m2\repository\com\sparkjava\spark-core\2.3\spark-core-2.3.jar;C:\Users\97250\.m2\repository\org\slf4j\slf4j-api\1.7.12\slf4j-api-1.7.12.jar;C:\Users\97250\.m2\repository\org\slf4j\slf4j-simple\1.7.12\slf4j-simple-1.7.12.jar;C:\Users\97250\.m2\repository\org\eclipse\jetty\jetty-server\9.3.2.v20150730\jetty-server-9.3.2.v20150730.jar;C:\Users\97250\.m2\repository\javax\servlet\javax.servlet-api\3.1.0\javax.servlet-api-3.1.0.jar;C:\Users\97250\.m2\repository\org\eclipse\jetty\jetty-http\9.3.2.v20150730\jetty-http-9.3.2.v20150730.jar;C:\Users\97250\.m2\repository\org\eclipse\jetty\jetty-util\9.3.2.v20150730\jetty-util-9.3.2.v20150730.jar;C:\Users\97250\.m2\repository\org\eclipse\jetty\jetty-io\9.3.2.v20150730\jetty-io-9.3.2.v20150730.jar;C:\Users\97250\.m2\repository\org\eclipse\jetty\jetty-webapp\9.3.2.v20150730\jetty-webapp-9.3.2.v20150730.jar;C:\Users\97250\.m2\repository\org\eclipse\jetty\jetty-xml\9.3.2.v20150730\jetty-xml-9.3.2.v20150730.jar;C:\Users\97250\.m2\repository\org\eclipse\jetty\jetty-servlet\9.3.2.v20150730\jetty-servlet-9.3.2.v20150730.jar;C:\Users\97250\.m2\repository\org\eclipse\jetty\jetty-security\9.3.2.v20150730\jetty-security-9.3.2.v20150730.jar;C:\Users\97250\.m2\repository\org\eclipse\jetty\websocket\websocket-server\9.3.2.v20150730\websocket-server-9.3.2.v20150730.jar;C:\Users\97250\.m2\repository\org\eclipse\jetty\websocket\websocket-common\9.3.2.v20150730\websocket-common-9.3.2.v20150730.jar;C:\Users\97250\.m2\repository\org\eclipse\jetty\websocket\websocket-client\9.3.2.v20150730\websocket-client-9.3.2.v20150730.jar;C:\Users\97250\.m2\repository\org\eclipse\jetty\websocket\websocket-servlet\9.3.2.v20150730\websocket-servlet-9.3.2.v20150730.jar;C:\Users\97250\.m2\repository\org\eclipse\jetty\websocket\websocket-api\9.3.2.v20150730\websocket-api-9.3.2.v20150730.jar;C:\Users\97250\.m2\repository\com\mashape\unirest\unirest-java\1.4.7\unirest-java-1.4.7.jar;C:\Users\97250\.m2\repository\org\apache\httpcomponents\httpclient\4.3.6\httpclient-4.3.6.jar;C:\Users\97250\.m2\repository\org\apache\httpcomponents\httpcore\4.3.3\httpcore-4.3.3.jar;C:\Users\97250\.m2\repository\commons-logging\commons-logging\1.1.3\commons-logging-1.1.3.jar;C:\Users\97250\.m2\repository\commons-codec\commons-codec\1.6\commons-codec-1.6.jar;C:\Users\97250\.m2\repository\org\apache\httpcomponents\httpasyncclient\4.0.2\httpasyncclient-4.0.2.jar;C:\Users\97250\.m2\repository\org\apache\httpcomponents\httpcore-nio\4.3.2\httpcore-nio-4.3.2.jar;C:\Users\97250\.m2\repository\org\apache\httpcomponents\httpmime\4.3.6\httpmime-4.3.6.jar;C:\Users\97250\.m2\repository\org\json\json\20140107\json-20140107.jar;C:\Users\97250\.m2\repository\com\google\code\gson\gson\2.2.4\gson-2.2.4.jar;C:\Users\97250\.m2\repository\org\apache\tika\tika-parsers\1.13\tika-parsers-1.13.jar;C:\Users\97250\.m2\repository\org\apache\tika\tika-core\1.13\tika-core-1.13.jar;C:\Users\97250\.m2\repository\org\gagravarr\vorbis-java-tika\0.8\vorbis-java-tika-0.8.jar;C:\Users\97250\.m2\repository\com\healthmarketscience\jackcess\jackcess\2.1.3\jackcess-2.1.3.jar;C:\Users\97250\.m2\repository\commons-lang\commons-lang\2.6\commons-lang-2.6.jar;C:\Users\97250\.m2\repository\com\healthmarketscience\jackcess\jackcess-encrypt\2.1.1\jackcess-encrypt-2.1.1.jar;C:\Users\97250\.m2\repository\net\sourceforge\jmatio\jmatio\1.0\jmatio-1.0.jar;C:\Users\97250\.m2\repository\org\apache\james\apache-mime4j-core\0.7.2\apache-mime4j-core-0.7.2.jar;C:\Users\97250\.m2\repository\org\apache\james\apache-mime4j-dom\0.7.2\apache-mime4j-dom-0.7.2.jar;C:\Users\97250\.m2\repository\org\apache\commons\commons-compress\1.11\commons-compress-1.11.jar;C:\Users\97250\.m2\repository\org\tukaani\xz\1.5\xz-1.5.jar;C:\Users\97250\.m2\repository\org\apache\pdfbox\pdfbox\2.0.1\pdfbox-2.0.1.jar;C:\Users\97250\.m2\repository\org\apache\pdfbox\fontbox\2.0.1\fontbox-2.0.1.jar;C:\Users\97250\.m2\repository\org\apache\pdfbox\pdfbox-tools\2.0.1\pdfbox-tools-2.0.1.jar;C:\Users\97250\.m2\repository\org\apache\pdfbox\pdfbox-debugger\2.0.1\pdfbox-debugger-2.0.1.jar;C:\Users\97250\.m2\repository\org\apache\pdfbox\jempbox\1.8.12\jempbox-1.8.12.jar;C:\Users\97250\.m2\repository\org\bouncycastle\bcmail-jdk15on\1.54\bcmail-jdk15on-1.54.jar;C:\Users\97250\.m2\repository\org\bouncycastle\bcpkix-jdk15on\1.54\bcpkix-jdk15on-1.54.jar;C:\Users\97250\.m2\repository\org\apache\poi\poi\3.15-beta1\poi-3.15-beta1.jar;C:\Users\97250\.m2\repository\org\apache\poi\poi-scratchpad\3.15-beta1\poi-scratchpad-3.15-beta1.jar;C:\Users\97250\.m2\repository\org\apache\poi\poi-ooxml\3.15-beta1\poi-ooxml-3.15-beta1.jar;C:\Users\97250\.m2\repository\org\apache\poi\poi-ooxml-schemas\3.15-beta1\poi-ooxml-schemas-3.15-beta1.jar;C:\Users\97250\.m2\repository\org\apache\xmlbeans\xmlbeans\2.6.0\xmlbeans-2.6.0.jar;C:\Users\97250\.m2\repository\com\github\virtuald\curvesapi\1.03\curvesapi-1.03.jar;C:\Users\97250\.m2\repository\org\ccil\cowan\tagsoup\tagsoup\1.2.1\tagsoup-1.2.1.jar;C:\Users\97250\.m2\repository\org\ow2\asm\asm\5.0.4\asm-5.0.4.jar;C:\Users\97250\.m2\repository\com\googlecode\mp4parser\isoparser\1.1.18\isoparser-1.1.18.jar;C:\Users\97250\.m2\repository\com\drewnoakes\metadata-extractor\2.8.1\metadata-extractor-2.8.1.jar;C:\Users\97250\.m2\repository\com\adobe\xmp\xmpcore\5.1.2\xmpcore-5.1.2.jar;C:\Users\97250\.m2\repository\de\l3s\boilerpipe\boilerpipe\1.1.0\boilerpipe-1.1.0.jar;C:\Users\97250\.m2\repository\com\rometools\rome\1.5.1\rome-1.5.1.jar;C:\Users\97250\.m2\repository\com\rometools\rome-utils\1.5.1\rome-utils-1.5.1.jar;C:\Users\97250\.m2\repository\org\gagravarr\vorbis-java-core\0.8\vorbis-java-core-0.8.jar;C:\Users\97250\.m2\repository\com\googlecode\juniversalchardet\juniversalchardet\1.0.3\juniversalchardet-1.0.3.jar;C:\Users\97250\.m2\repository\org\codelibs\jhighlight\1.0.2\jhighlight-1.0.2.jar;C:\Users\97250\.m2\repository\com\pff\java-libpst\0.8.1\java-libpst-0.8.1.jar;C:\Users\97250\.m2\repository\com\github\junrar\junrar\0.7\junrar-0.7.jar;C:\Users\97250\.m2\repository\commons-logging\commons-logging-api\1.1\commons-logging-api-1.1.jar;C:\Users\97250\.m2\repository\org\apache\commons\commons-vfs2\2.0\commons-vfs2-2.0.jar;C:\Users\97250\.m2\repository\org\apache\maven\scm\maven-scm-api\1.4\maven-scm-api-1.4.jar;C:\Users\97250\.m2\repository\org\codehaus\plexus\plexus-utils\1.5.6\plexus-utils-1.5.6.jar;C:\Users\97250\.m2\repository\org\apache\maven\scm\maven-scm-provider-svnexe\1.4\maven-scm-provider-svnexe-1.4.jar;C:\Users\97250\.m2\repository\org\apache\maven\scm\maven-scm-provider-svn-commons\1.4\maven-scm-provider-svn-commons-1.4.jar;C:\Users\97250\.m2\repository\regexp\regexp\1.3\regexp-1.3.jar;C:\Users\97250\.m2\repository\org\apache\cxf\cxf-rt-rs-client\3.0.3\cxf-rt-rs-client-3.0.3.jar;C:\Users\97250\.m2\repository\org\apache\cxf\cxf-rt-transports-http\3.0.3\cxf-rt-transports-http-3.0.3.jar;C:\Users\97250\.m2\repository\org\apache\cxf\cxf-core\3.0.3\cxf-core-3.0.3.jar;C:\Users\97250\.m2\repository\org\codehaus\woodstox\woodstox-core-asl\4.4.1\woodstox-core-asl-4.4.1.jar;C:\Users\97250\.m2\repository\org\codehaus\woodstox\stax2-api\3.1.4\stax2-api-3.1.4.jar;C:\Users\97250\.m2\repository\org\apache\ws\xmlschema\xmlschema-core\2.1.0\xmlschema-core-2.1.0.jar;C:\Users\97250\.m2\repository\org\apache\cxf\cxf-rt-frontend-jaxrs\3.0.3\cxf-rt-frontend-jaxrs-3.0.3.jar;C:\Users\97250\.m2\repository\javax\ws\rs\javax.ws.rs-api\2.0.1\javax.ws.rs-api-2.0.1.jar;C:\Users\97250\.m2\repository\javax\annotation\javax.annotation-api\1.2\javax.annotation-api-1.2.jar;C:\Users\97250\.m2\repository\org\apache\opennlp\opennlp-tools\1.5.3\opennlp-tools-1.5.3.jar;C:\Users\97250\.m2\repository\org\apache\opennlp\opennlp-maxent\3.0.3\opennlp-maxent-3.0.3.jar;C:\Users\97250\.m2\repository\net\sf\jwordnet\jwnl\1.3.3\jwnl-1.3.3.jar;C:\Users\97250\.m2\repository\commons-io\commons-io\2.4\commons-io-2.4.jar;C:\Users\97250\.m2\repository\org\apache\commons\commons-exec\1.3\commons-exec-1.3.jar;C:\Users\97250\.m2\repository\com\googlecode\json-simple\json-simple\1.1.1\json-simple-1.1.1.jar;C:\Users\97250\.m2\repository\edu\ucar\netcdf4\4.5.5\netcdf4-4.5.5.jar;C:\Users\97250\.m2\repository\net\jcip\jcip-annotations\1.0\jcip-annotations-1.0.jar;C:\Users\97250\.m2\repository\net\java\dev\jna\jna\4.1.0\jna-4.1.0.jar;C:\Users\97250\.m2\repository\edu\ucar\grib\4.5.5\grib-4.5.5.jar;C:\Users\97250\.m2\repository\org\jdom\jdom2\2.0.4\jdom2-2.0.4.jar;C:\Users\97250\.m2\repository\org\jsoup\jsoup\1.7.2\jsoup-1.7.2.jar;C:\Users\97250\.m2\repository\edu\ucar\jj2000\5.2\jj2000-5.2.jar;C:\Users\97250\.m2\repository\org\itadaki\bzip2\0.9.1\bzip2-0.9.1.jar;C:\Users\97250\.m2\repository\edu\ucar\cdm\4.5.5\cdm-4.5.5.jar;C:\Users\97250\.m2\repository\edu\ucar\udunits\4.5.5\udunits-4.5.5.jar;C:\Users\97250\.m2\repository\joda-time\joda-time\2.2\joda-time-2.2.jar;C:\Users\97250\.m2\repository\org\quartz-scheduler\quartz\2.2.0\quartz-2.2.0.jar;C:\Users\97250\.m2\repository\c3p0\c3p0\0.9.1.1\c3p0-0.9.1.1.jar;C:\Users\97250\.m2\repository\net\sf\ehcache\ehcache-core\2.6.2\ehcache-core-2.6.2.jar;C:\Users\97250\.m2\repository\com\google\guava\guava\17.0\guava-17.0.jar;C:\Users\97250\.m2\repository\com\beust\jcommander\1.35\jcommander-1.35.jar;C:\Users\97250\.m2\repository\edu\ucar\httpservices\4.5.5\httpservices-4.5.5.jar;C:\Users\97250\.m2\repository\org\apache\commons\commons-csv\1.0\commons-csv-1.0.jar;C:\Users\97250\.m2\repository\org\apache\sis\core\sis-utility\0.6\sis-utility-0.6.jar;C:\Users\97250\.m2\repository\org\apache\sis\storage\sis-netcdf\0.6\sis-netcdf-0.6.jar;C:\Users\97250\.m2\repository\org\apache\sis\storage\sis-storage\0.6\sis-storage-0.6.jar;C:\Users\97250\.m2\repository\org\apache\sis\core\sis-referencing\0.6\sis-referencing-0.6.jar;C:\Users\97250\.m2\repository\org\apache\sis\core\sis-metadata\0.6\sis-metadata-0.6.jar;C:\Users\97250\.m2\repository\org\opengis\geoapi\3.0.0\geoapi-3.0.0.jar;C:\Users\97250\.m2\repository\javax\measure\jsr-275\0.9.3\jsr-275-0.9.3.jar;C:\Users\97250\.m2\repository\com\fasterxml\jackson\core\jackson-core\2.7.1\jackson-core-2.7.1.jar;C:\Users\97250\.m2\repository\com\mysql\mysql-connector-j\8.0.33\mysql-connector-j-8.0.33.jar;C:\Users\97250\.m2\repository\com\google\protobuf\protobuf-java\3.21.9\protobuf-java-3.21.9.jar;"/>
    <property name="sun.cpu.endian" value="little"/>
    <property name="user.home" value="C:\Users\97250"/>
    <property name="user.language" value="en"/>
    <property name="java.specification.vendor" value="Oracle Corporation"/>
    <property name="java.version.date" value="2024-01-16"/>
    <property name="java.home" value="C:\Program Files\Java\jdk-21"/>
    <property name="file.separator" value="\"/>
    <property name="basedir" value="C:\Users\97250\jpir_new"/>
    <property name="java.vm.compressedOopsMode" value="Zero based"/>
    <property name="line.separator" value="&#10;"/>
    <property name="java.vm.specification.vendor" value="Oracle Corporation"/>
    <property name="java.specification.name" value="Java Platform API Specification"/>
    <property name="surefire.real.class.path" value="C:\Users\97250\AppData\Local\Temp\surefire8495170395532071291\surefirebooter-20240429203947279_3.jar"/>
    <property name="user.script" value=""/>
    <property name="sun.management.compiler" value="HotSpot 64-Bit Tiered Compilers"/>
    <property name="java.runtime.version" value="21.0.2+13-LTS-58"/>
    <property name="user.name" value="97250"/>
    <property name="stdout.encoding" value="Cp1255"/>
    <property name="path.separator" value=";"/>
    <property name="os.version" value="10.0"/>
    <property name="java.runtime.name" value="Java(TM) SE Runtime Environment"/>
    <property name="file.encoding" value="UTF-8"/>
    <property name="java.vm.name" value="Java HotSpot(TM) 64-Bit Server VM"/>
    <property name="localRepository" value="C:\Users\97250\.m2\repository"/>
    <property name="java.vendor.url.bug" value="https://bugreport.java.com/bugreport/"/>
    <property name="java.io.tmpdir" value="C:\Users\97250\AppData\Local\Temp\"/>
    <property name="java.version" value="21.0.2"/>
    <property name="user.dir" value="C:\Users\97250\jpir_new"/>
    <property name="os.arch" value="amd64"/>
    <property name="java.vm.specification.name" value="Java Virtual Machine Specification"/>
    <property name="sun.os.patch.level" value=""/>
    <property name="native.encoding" value="Cp1255"/>
    <property name="java.library.path" value="C:\Program Files\Java\jdk-21\bin;C:\WINDOWS\Sun\Java\bin;C:\WINDOWS\system32;C:\WINDOWS;C:\Program Files\Common Files\Oracle\Java\javapath;C:\Program Files (x86)\VMware\VMware Player\bin\;C:\windows\system32;C:\windows;C:\windows\System32\Wbem;C:\windows\System32\WindowsPowerShell\v1.0\;C:\windows\System32\OpenSSH\;C:\Program Files (x86)\NVIDIA Corporation\PhysX\Common;C:\Program Files\NVIDIA Corporation\NVIDIA NvDLISR;C:\Program Files\dotnet\;C:\WINDOWS\system32;C:\WINDOWS;C:\WINDOWS\System32\Wbem;C:\WINDOWS\System32\WindowsPowerShell\v1.0\;C:\WINDOWS\System32\OpenSSH\;C:\Program Files\Git\cmd;C:\MinGW\bin;C:\Users\97250\.jdks\openjdk-17.0.2\bin;C:\Users\97250\python3.12;C:\Users\97250\AppData\Local\Programs\Python\Python311;C:\Program Files\Maven\apache-maven-3.9.6\bin;C:\Program Files\Java\jdk-21\bin;C:\Program Files\Go\bin;C:\Program Files\nodejs\;C:\ProgramData\chocolatey\bin;;C:\Program Files\Docker\Docker\resources\bin;C:\Program Files\Kubernetes\Minikube;C:\Program Files\MySQL\MySQL Shell 8.0\bin\;C:\Users\97250\AppData\Local\Microsoft\WindowsApps;C:\MinGW\bin;C:\Users\97250\.dotnet\tools;C:\Program Files\JetBrains\IntelliJ IDEA 2021.1.3\bin;C:\Users\97250\OneDrive\שולחן העבודה\latex\miktex\bin\x64\;C:\Users\97250\OneDrive\שולחן העבודה\מעבדה\latex2\miktex\bin\x64\;C:\Users\97250\AppData\Roaming\Microsoft\Windows\Start Menu\Programs\Python 3.12\Python 3.12 (64-bit).lnk;C:\Users\97250\AppData\Roaming\Microsoft\Windows\Start Menu\Programs\Python 3.12\Scripts;C:\Users\97250\PycharmProjects\corbusPythonProject1\Scripts;C:\Users\97250\IdeaProjects\pycharmd\PyCharm Community Edition 2022.2.3\bin;;C:\Program Files\JetBrains\GoLand 2023.3.3;C:\Users\97250\AppData\Local\Programs\Microsoft VS Code\bin;C:\Users\97250\go\bin;C:\Users\97250\AppData\Roaming\npm;C:\Program Files\JetBrains\IntelliJ IDEA Community Edition 2023.3.5\bin;;."/>
    <property name="java.vm.info" value="mixed mode, sharing"/>
    <property name="stderr.encoding" value="Cp1255"/>
    <property name="java.vendor" value="Oracle Corporation"/>
    <property name="java.vm.version" value="21.0.2+13-LTS-58"/>
    <property name="sun.io.unicode.encoding" value="UnicodeLittle"/>
    <property name="java.class.version" value="65.0"/>
  </properties>
  <testcase name="testPallier" classname="org.crypto.jpir.TestPIR" time="0.46"/>
</testsuite>